Log file open, 09/22/20 12:49:05
LogPakFile: Display: Found Pak file ../../../BullCowGame/Content/Paks/BullCowGame-WindowsNoEditor.pak attempting to mount.
LogPakFile: Display: Mounting pak file ../../../BullCowGame/Content/Paks/BullCowGame-WindowsNoEditor.pak.
LogPlatformFile: Not using cached read wrapper
LogTaskGraph: Started task graph with 5 named threads and 35 total threads with 3 sets of task threads.
LogStats: Stats thread started at 0.053077
LogD3D11RHI: Loaded GFSDK_Aftermath_Lib.x64.dll
LogICUInternationalization: ICU TimeZone Detection - Raw Offset: -8:00, Platform Override: ''
LogPluginManager: Mounting plugin Paper2D
LogPluginManager: Mounting plugin AISupport
LogPluginManager: Mounting plugin LightPropagationVolume
LogPluginManager: Mounting plugin AnimationSharing
LogPluginManager: Mounting plugin SignificanceManager
LogPluginManager: Mounting plugin UObjectPlugin
LogPluginManager: Mounting plugin AssetManagerEditor
LogPluginManager: Mounting plugin FacialAnimation
LogPluginManager: Mounting plugin GeometryMode
LogPluginManager: Mounting plugin DatasmithContent
LogPluginManager: Mounting plugin VariantManagerContent
LogPluginManager: Mounting plugin AlembicImporter
LogPluginManager: Mounting plugin GeometryCache
LogPluginManager: Mounting plugin AutomationUtils
LogPluginManager: Mounting plugin ScreenshotTools
LogPluginManager: Mounting plugin BackChannel
LogPluginManager: Mounting plugin ChaosClothEditor
LogPluginManager: Mounting plugin ChaosCloth
LogPluginManager: Mounting plugin ChaosEditor
LogPluginManager: Mounting plugin PlanarCut
LogPluginManager: Mounting plugin GeometryProcessing
LogPluginManager: Mounting plugin EditableMesh
LogPluginManager: Mounting plugin GeometryCollectionPlugin
LogPluginManager: Mounting plugin ProceduralMeshComponent
LogPluginManager: Mounting plugin ChaosSolverPlugin
LogPluginManager: Mounting plugin ChaosNiagara
LogPluginManager: Mounting plugin Niagara
LogPluginManager: Mounting plugin CharacterAI
LogPluginManager: Mounting plugin PlatformCrypto
LogPluginManager: Mounting plugin MagicLeapPassableWorld
LogPluginManager: Mounting plugin MagicLeap
LogPluginManager: Mounting plugin MLSDK
LogPluginManager: Mounting plugin MagicLeapLightEstimation
LogPluginManager: Mounting plugin AvfMedia
LogPluginManager: Mounting plugin ImgMedia
LogPluginManager: Mounting plugin MediaCompositing
LogPluginManager: Mounting plugin WmfMedia
LogPluginManager: Mounting plugin MeshPainting
LogPluginManager: Mounting plugin TcpMessaging
LogPluginManager: Mounting plugin UdpMessaging
LogPluginManager: Mounting plugin ActorSequence
LogPluginManager: Mounting plugin LevelSequenceEditor
LogPluginManager: Mounting plugin MatineeToLevelSequence
LogPluginManager: Mounting plugin TemplateSequence
LogPluginManager: Mounting plugin MovieRenderPipeline
LogPluginManager: Mounting plugin EditorScriptingUtilities
LogPluginManager: Mounting plugin NetcodeUnitTest
LogPluginManager: Mounting plugin OnlineSubsystemNull
LogPluginManager: Mounting plugin OnlineSubsystem
LogPluginManager: Mounting plugin OnlineSubsystemUtils
LogPluginManager: Mounting plugin LauncherChunkInstaller
LogPluginManager: Mounting plugin AndroidPermission
LogPluginManager: Mounting plugin AppleImageUtils
LogPluginManager: Mounting plugin ArchVisCharacter
LogPluginManager: Mounting plugin AssetTags
LogPluginManager: Mounting plugin AudioCapture
LogPluginManager: Mounting plugin CableComponent
LogPluginManager: Mounting plugin CustomMeshComponent
LogPluginManager: Mounting plugin ExampleDeviceProfileSelector
LogPluginManager: Mounting plugin GooglePAD
LogPluginManager: Mounting plugin LocationServicesBPLibrary
LogPluginManager: Mounting plugin MobilePatchingUtils
LogPluginManager: Mounting plugin OculusVR
LogPluginManager: Mounting plugin PhysXVehicles
LogPluginManager: Mounting plugin RuntimePhysXCooking
LogPluginManager: Mounting plugin SoundFields
LogPluginManager: Mounting plugin SteamVR
LogPluginManager: Mounting plugin Synthesis
LogPluginManager: Mounting plugin WebMMoviePlayer
LogPluginManager: Mounting plugin WebMMedia
LogPluginManager: Mounting plugin WindowsMoviePlayer
LogInit: Using libcurl 7.55.1-DEV
LogInit:  - built for x86_64-pc-win32
LogInit:  - supports SSL with OpenSSL/1.1.1
LogInit:  - supports HTTP deflate (compression) using libz 1.2.8
LogInit:  - other features:
LogInit:      CURL_VERSION_SSL
LogInit:      CURL_VERSION_LIBZ
LogInit:      CURL_VERSION_IPV6
LogInit:      CURL_VERSION_ASYNCHDNS
LogInit:      CURL_VERSION_LARGEFILE
LogInit:      CURL_VERSION_IDN
LogInit:  CurlRequestOptions (configurable via config and command line):
LogInit:  - bVerifyPeer = true  - Libcurl will verify peer certificate
LogInit:  - bUseHttpProxy = false  - Libcurl will NOT use HTTP proxy
LogInit:  - bDontReuseConnections = false  - Libcurl will reuse connections
LogInit:  - MaxHostConnections = 16  - Libcurl will limit the number of connections to a host
LogInit:  - LocalHostAddr = Default
LogInit:  - BufferSize = 65536
LogOnline: OSS: Creating online subsystem instance for: NULL
LogInit: WinSock: version 1.1 (2.2), MaxSocks=32767, MaxUdp=65467
LogOnline: OSS: TryLoadSubsystemAndSetDefault: Loaded subsystem for module [NULL]
LogInit: Build: ++UE4+Release-4.25-CL-13942748
LogInit: Engine Version: 4.25.3-13942748+++UE4+Release-4.25
LogInit: Compatible Engine Version: 4.25.0-13144385+++UE4+Release-4.25
LogInit: Net CL: 13144385
LogInit: OS: Windows 10 (Release 1909) (), CPU: Intel(R) Core(TM) i7-9750H CPU @ 2.60GHz, GPU: Intel(R) UHD Graphics 630
LogInit: Compiled (64-bit): Jul 25 2020 02:13:35
LogInit: Compiled with Visual C++: 19.16.27032.01
LogInit: Build Configuration: Development
LogInit: Branch Name: ++UE4+Release-4.25
LogInit: Command Line: 
LogInit: Base Directory: C:/Users/ryant/Documents/Unreal Projects/Bulls and Cows/WindowsNoEditor/BullCowGame/Binaries/Win64/
LogInit: Allocator: binned2
LogInit: Installed Engine Build: 0
LogDevObjectVersion: Number of dev versions registered: 26
LogDevObjectVersion:   Dev-Blueprints (B0D832E4-1F89-4F0D-ACCF-7EB736FD4AA2): 10
LogDevObjectVersion:   Dev-Build (E1C64328-A22C-4D53-A36C-8E866417BD8C): 0
LogDevObjectVersion:   Dev-Core (375EC13C-06E4-48FB-B500-84F0262A717E): 4
LogDevObjectVersion:   Dev-Editor (E4B068ED-F494-42E9-A231-DA0B2E46BB41): 38
LogDevObjectVersion:   Dev-Framework (CFFC743F-43B0-4480-9391-14DF171D2073): 37
LogDevObjectVersion:   Dev-Mobile (B02B49B5-BB20-44E9-A304-32B752E40360): 2
LogDevObjectVersion:   Dev-Networking (A4E4105C-59A1-49B5-A7C5-40C4547EDFEE): 0
LogDevObjectVersion:   Dev-Online (39C831C9-5AE6-47DC-9A44-9C173E1C8E7C): 0
LogDevObjectVersion:   Dev-Physics (78F01B33-EBEA-4F98-B9B4-84EACCB95AA2): 4
LogDevObjectVersion:   Dev-Platform (6631380F-2D4D-43E0-8009-CF276956A95A): 0
LogDevObjectVersion:   Dev-Rendering (12F88B9F-8875-4AFC-A67C-D90C383ABD29): 43
LogDevObjectVersion:   Dev-Sequencer (7B5AE74C-D270-4C10-A958-57980B212A5A): 12
LogDevObjectVersion:   Dev-VR (D7296918-1DD6-4BDD-9DE2-64A83CC13884): 3
LogDevObjectVersion:   Dev-LoadTimes (C2A15278-BFE7-4AFE-6C17-90FF531DF755): 1
LogDevObjectVersion:   Private-Geometry (6EACA3D4-40EC-4CC1-B786-8BED09428FC5): 3
LogDevObjectVersion:   Dev-AnimPhys (29E575DD-E0A3-4627-9D10-D276232CDCEA): 17
LogDevObjectVersion:   Dev-Anim (AF43A65D-7FD3-4947-9873-3E8ED9C1BB05): 7
LogDevObjectVersion:   Dev-ReflectionCapture (6B266CEC-1EC7-4B8F-A30B-E4D90942FC07): 1
LogDevObjectVersion:   Dev-Automation (0DF73D61-A23F-47EA-B727-89E90C41499A): 1
LogDevObjectVersion:   FortniteMain (601D1886-AC64-4F84-AA16-D3DE0DEAC7D6): 31
LogDevObjectVersion:   Dev-Enterprise (9DFFBCD6-494F-0158-E221-12823C92A888): 10
LogDevObjectVersion:   Dev-Niagara (F2AED0AC-9AFE-416F-8664-AA7FFA26D6FC): 1
LogDevObjectVersion:   Dev-Destruction (174F1F0B-B4C6-45A5-B13F-2EE8D0FB917D): 10
LogDevObjectVersion:   Dev-Physics-Ext (35F94A83-E258-406C-A318-09F59610247C): 37
LogDevObjectVersion:   Dev-PhysicsMaterial-Chaos (B68FC16E-8B1B-42E2-B453-215C058844FE): 1
LogDevObjectVersion:   Dev-CineCamera (B2E18506-4273-CFC2-A54E-F4BB758BBA07): 1
LogInit: Presizing for max 2097152 objects, including 1 objects not considered by GC, pre-allocating 0 bytes for permanent pool.
LogConfig: Applying CVar settings from Section [/Script/Engine.StreamingSettings] File [../../../BullCowGame/Saved/Config/WindowsNoEditor/Engine.ini]
LogConfig: Setting CVar [[s.MinBulkDataSizeForAsyncLoading:131072]]
LogConfig: Setting CVar [[s.AsyncLoadingThreadEnabled:0]]
LogConfig: Setting CVar [[s.EventDrivenLoaderEnabled:1]]
LogConfig: Setting CVar [[s.WarnIfTimeLimitExceeded:0]]
LogConfig: Setting CVar [[s.TimeLimitExceededMultiplier:1.5]]
LogConfig: Setting CVar [[s.TimeLimitExceededMinTime:0.005]]
LogConfig: Setting CVar [[s.UseBackgroundLevelStreaming:1]]
LogConfig: Setting CVar [[s.PriorityAsyncLoadingExtraTime:15.0]]
LogConfig: Setting CVar [[s.LevelStreamingActorsUpdateTimeLimit:5.0]]
LogConfig: Setting CVar [[s.PriorityLevelStreamingActorsUpdateExtraTime:5.0]]
LogConfig: Setting CVar [[s.LevelStreamingComponentsRegistrationGranularity:10]]
LogConfig: Setting CVar [[s.UnregisterComponentsTimeLimit:1.0]]
LogConfig: Setting CVar [[s.LevelStreamingComponentsUnregistrationGranularity:5]]
LogConfig: Setting CVar [[s.FlushStreamingOnExit:1]]
LogStreaming: Display: Async Loading initialized: Event Driven Loader: true, Async Loading Thread: false, Async Post Load: true
LogInit: Object subsystem initialized
LogConfig: Setting CVar [[con.DebugEarlyDefault:1]]
LogConfig: Setting CVar [[r.setres:1280x720]]
LogConfig: Setting CVar [[fx.NiagaraAllowRuntimeScalabilityChanges:1]]
[2020.09.22-19.49.05:531][  0]LogConfig: Setting CVar [[con.DebugEarlyDefault:1]]
[2020.09.22-19.49.05:531][  0]LogConfig: Setting CVar [[r.setres:1280x720]]
[2020.09.22-19.49.05:531][  0]LogConfig: Setting CVar [[fx.NiagaraAllowRuntimeScalabilityChanges:1]]
[2020.09.22-19.49.05:531][  0]LogConfig: Applying CVar settings from Section [/Script/Engine.RendererSettings] File [../../../BullCowGame/Saved/Config/WindowsNoEditor/Engine.ini]
[2020.09.22-19.49.05:531][  0]LogConfig: Setting CVar [[r.GPUCrashDebugging:0]]
[2020.09.22-19.49.05:531][  0]LogConfig: Setting CVar [[r.DefaultFeature.AutoExposure.ExtendDefaultLuminanceRange:1]]
[2020.09.22-19.49.05:531][  0]LogConfig: Applying CVar settings from Section [/Script/Engine.RendererOverrideSettings] File [../../../BullCowGame/Saved/Config/WindowsNoEditor/Engine.ini]
[2020.09.22-19.49.05:531][  0]LogConfig: Applying CVar settings from Section [/Script/Engine.StreamingSettings] File [../../../BullCowGame/Saved/Config/WindowsNoEditor/Engine.ini]
[2020.09.22-19.49.05:531][  0]LogConfig: Setting CVar [[s.MinBulkDataSizeForAsyncLoading:131072]]
[2020.09.22-19.49.05:531][  0]LogConfig: Setting CVar [[s.AsyncLoadingThreadEnabled:0]]
[2020.09.22-19.49.05:531][  0]LogConfig: Setting CVar [[s.EventDrivenLoaderEnabled:1]]
[2020.09.22-19.49.05:531][  0]LogConfig: Setting CVar [[s.WarnIfTimeLimitExceeded:0]]
[2020.09.22-19.49.05:531][  0]LogConfig: Setting CVar [[s.TimeLimitExceededMultiplier:1.5]]
[2020.09.22-19.49.05:531][  0]LogConfig: Setting CVar [[s.TimeLimitExceededMinTime:0.005]]
[2020.09.22-19.49.05:531][  0]LogConfig: Setting CVar [[s.UseBackgroundLevelStreaming:1]]
[2020.09.22-19.49.05:531][  0]LogConfig: Setting CVar [[s.PriorityAsyncLoadingExtraTime:15.0]]
[2020.09.22-19.49.05:531][  0]LogConfig: Setting CVar [[s.LevelStreamingActorsUpdateTimeLimit:5.0]]
[2020.09.22-19.49.05:531][  0]LogConfig: Setting CVar [[s.PriorityLevelStreamingActorsUpdateExtraTime:5.0]]
[2020.09.22-19.49.05:531][  0]LogConfig: Setting CVar [[s.LevelStreamingComponentsRegistrationGranularity:10]]
[2020.09.22-19.49.05:531][  0]LogConfig: Setting CVar [[s.UnregisterComponentsTimeLimit:1.0]]
[2020.09.22-19.49.05:531][  0]LogConfig: Setting CVar [[s.LevelStreamingComponentsUnregistrationGranularity:5]]
[2020.09.22-19.49.05:531][  0]LogConfig: Setting CVar [[s.FlushStreamingOnExit:1]]
[2020.09.22-19.49.05:531][  0]LogConfig: Applying CVar settings from Section [/Script/Engine.GarbageCollectionSettings] File [../../../BullCowGame/Saved/Config/WindowsNoEditor/Engine.ini]
[2020.09.22-19.49.05:531][  0]LogConfig: Setting CVar [[gc.MaxObjectsNotConsideredByGC:1]]
[2020.09.22-19.49.05:531][  0]LogConfig: Setting CVar [[gc.SizeOfPermanentObjectPool:0]]
[2020.09.22-19.49.05:531][  0]LogConfig: Setting CVar [[gc.FlushStreamingOnGC:0]]
[2020.09.22-19.49.05:531][  0]LogConfig: Setting CVar [[gc.NumRetriesBeforeForcingGC:10]]
[2020.09.22-19.49.05:531][  0]LogConfig: Setting CVar [[gc.AllowParallelGC:1]]
[2020.09.22-19.49.05:531][  0]LogConfig: Setting CVar [[gc.TimeBetweenPurgingPendingKillObjects:61.1]]
[2020.09.22-19.49.05:531][  0]LogConfig: Setting CVar [[gc.MaxObjectsInEditor:25165824]]
[2020.09.22-19.49.05:531][  0]LogConfig: Setting CVar [[gc.IncrementalBeginDestroyEnabled:1]]
[2020.09.22-19.49.05:531][  0]LogConfig: Setting CVar [[gc.CreateGCClusters:1]]
[2020.09.22-19.49.05:531][  0]LogConfig: Setting CVar [[gc.MinGCClusterSize:5]]
[2020.09.22-19.49.05:531][  0]LogConfig: Setting CVar [[gc.ActorClusteringEnabled:0]]
[2020.09.22-19.49.05:531][  0]LogConfig: Setting CVar [[gc.BlueprintClusteringEnabled:0]]
[2020.09.22-19.49.05:531][  0]LogConfig: Setting CVar [[gc.UseDisregardForGCOnDedicatedServers:0]]
[2020.09.22-19.49.05:531][  0]LogConfig: Applying CVar settings from Section [/Script/Engine.NetworkSettings] File [../../../BullCowGame/Saved/Config/WindowsNoEditor/Engine.ini]
[2020.09.22-19.49.05:535][  0]LogConfig: Applying CVar settings from Section [ViewDistanceQuality@3] File [../../../BullCowGame/Saved/Config/WindowsNoEditor/Scalability.ini]
[2020.09.22-19.49.05:535][  0]LogConfig: Setting CVar [[r.SkeletalMeshLODBias:0]]
[2020.09.22-19.49.05:535][  0]LogConfig: Setting CVar [[r.ViewDistanceScale:1.0]]
[2020.09.22-19.49.05:535][  0]LogConfig: Applying CVar settings from Section [AntiAliasingQuality@3] File [../../../BullCowGame/Saved/Config/WindowsNoEditor/Scalability.ini]
[2020.09.22-19.49.05:535][  0]LogConfig: Setting CVar [[r.PostProcessAAQuality:4]]
[2020.09.22-19.49.05:535][  0]LogConfig: Applying CVar settings from Section [ShadowQuality@3] File [../../../BullCowGame/Saved/Config/WindowsNoEditor/Scalability.ini]
[2020.09.22-19.49.05:535][  0]LogConfig: Setting CVar [[r.LightFunctionQuality:1]]
[2020.09.22-19.49.05:535][  0]LogConfig: Setting CVar [[r.ShadowQuality:5]]
[2020.09.22-19.49.05:535][  0]LogConfig: Setting CVar [[r.Shadow.CSM.MaxCascades:10]]
[2020.09.22-19.49.05:535][  0]LogConfig: Setting CVar [[r.Shadow.MaxResolution:2048]]
[2020.09.22-19.49.05:535][  0]LogConfig: Setting CVar [[r.Shadow.MaxCSMResolution:2048]]
[2020.09.22-19.49.05:535][  0]LogConfig: Setting CVar [[r.Shadow.RadiusThreshold:0.01]]
[2020.09.22-19.49.05:535][  0]LogConfig: Setting CVar [[r.Shadow.DistanceScale:1.0]]
[2020.09.22-19.49.05:535][  0]LogConfig: Setting CVar [[r.Shadow.CSM.TransitionScale:1.0]]
[2020.09.22-19.49.05:535][  0]LogConfig: Setting CVar [[r.Shadow.PreShadowResolutionFactor:1.0]]
[2020.09.22-19.49.05:535][  0]LogConfig: Setting CVar [[r.DistanceFieldShadowing:1]]
[2020.09.22-19.49.05:535][  0]LogConfig: Setting CVar [[r.DistanceFieldAO:1]]
[2020.09.22-19.49.05:535][  0]LogConfig: Setting CVar [[r.AOQuality:2]]
[2020.09.22-19.49.05:535][  0]LogConfig: Setting CVar [[r.VolumetricFog:1]]
[2020.09.22-19.49.05:535][  0]LogConfig: Setting CVar [[r.VolumetricFog.GridPixelSize:8]]
[2020.09.22-19.49.05:535][  0]LogConfig: Setting CVar [[r.VolumetricFog.GridSizeZ:128]]
[2020.09.22-19.49.05:535][  0]LogConfig: Setting CVar [[r.VolumetricFog.HistoryMissSupersampleCount:4]]
[2020.09.22-19.49.05:535][  0]LogConfig: Setting CVar [[r.LightMaxDrawDistanceScale:1]]
[2020.09.22-19.49.05:535][  0]LogConfig: Setting CVar [[r.CapsuleShadows:1]]
[2020.09.22-19.49.05:535][  0]LogConfig: Applying CVar settings from Section [PostProcessQuality@3] File [../../../BullCowGame/Saved/Config/WindowsNoEditor/Scalability.ini]
[2020.09.22-19.49.05:535][  0]LogConfig: Setting CVar [[r.MotionBlurQuality:4]]
[2020.09.22-19.49.05:535][  0]LogConfig: Setting CVar [[r.AmbientOcclusionMipLevelFactor:0.4]]
[2020.09.22-19.49.05:535][  0]LogConfig: Setting CVar [[r.AmbientOcclusionMaxQuality:100]]
[2020.09.22-19.49.05:536][  0]LogConfig: Setting CVar [[r.AmbientOcclusionLevels:-1]]
[2020.09.22-19.49.05:536][  0]LogConfig: Setting CVar [[r.AmbientOcclusionRadiusScale:1.0]]
[2020.09.22-19.49.05:536][  0]LogConfig: Setting CVar [[r.DepthOfFieldQuality:2]]
[2020.09.22-19.49.05:536][  0]LogConfig: Setting CVar [[r.RenderTargetPoolMin:400]]
[2020.09.22-19.49.05:536][  0]LogConfig: Setting CVar [[r.LensFlareQuality:2]]
[2020.09.22-19.49.05:536][  0]LogConfig: Setting CVar [[r.SceneColorFringeQuality:1]]
[2020.09.22-19.49.05:536][  0]LogConfig: Setting CVar [[r.EyeAdaptationQuality:2]]
[2020.09.22-19.49.05:536][  0]LogConfig: Setting CVar [[r.BloomQuality:5]]
[2020.09.22-19.49.05:536][  0]LogConfig: Setting CVar [[r.FastBlurThreshold:100]]
[2020.09.22-19.49.05:536][  0]LogConfig: Setting CVar [[r.Upscale.Quality:3]]
[2020.09.22-19.49.05:536][  0]LogConfig: Setting CVar [[r.Tonemapper.GrainQuantization:1]]
[2020.09.22-19.49.05:536][  0]LogConfig: Setting CVar [[r.LightShaftQuality:1]]
[2020.09.22-19.49.05:536][  0]LogConfig: Setting CVar [[r.Filter.SizeScale:1]]
[2020.09.22-19.49.05:536][  0]LogConfig: Setting CVar [[r.Tonemapper.Quality:5]]
[2020.09.22-19.49.05:536][  0]LogConfig: Setting CVar [[r.DOF.Gather.AccumulatorQuality:1        ; higher gathering accumulator quality]]
[2020.09.22-19.49.05:536][  0]LogConfig: Setting CVar [[r.DOF.Gather.PostfilterMethod:1          ; Median3x3 postfilering method]]
[2020.09.22-19.49.05:536][  0]LogConfig: Setting CVar [[r.DOF.Gather.EnableBokehSettings:0       ; no bokeh simulation when gathering]]
[2020.09.22-19.49.05:536][  0]LogConfig: Setting CVar [[r.DOF.Gather.RingCount:4                 ; medium number of samples when gathering]]
[2020.09.22-19.49.05:536][  0]LogConfig: Setting CVar [[r.DOF.Scatter.ForegroundCompositing:1    ; additive foreground scattering]]
[2020.09.22-19.49.05:536][  0]LogConfig: Setting CVar [[r.DOF.Scatter.BackgroundCompositing:2    ; additive background scattering]]
[2020.09.22-19.49.05:536][  0]LogConfig: Setting CVar [[r.DOF.Scatter.EnableBokehSettings:1      ; bokeh simulation when scattering]]
[2020.09.22-19.49.05:536][  0]LogConfig: Setting CVar [[r.DOF.Scatter.MaxSpriteRatio:0.1         ; only a maximum of 10% of scattered bokeh]]
[2020.09.22-19.49.05:536][  0]LogConfig: Setting CVar [[r.DOF.Recombine.Quality:1                ; cheap slight out of focus]]
[2020.09.22-19.49.05:536][  0]LogConfig: Setting CVar [[r.DOF.Recombine.EnableBokehSettings:0    ; no bokeh simulation on slight out of focus]]
[2020.09.22-19.49.05:536][  0]LogConfig: Setting CVar [[r.DOF.TemporalAAQuality:1                ; more stable temporal accumulation]]
[2020.09.22-19.49.05:536][  0]LogConfig: Setting CVar [[r.DOF.Kernel.MaxForegroundRadius:0.025]]
[2020.09.22-19.49.05:536][  0]LogConfig: Setting CVar [[r.DOF.Kernel.MaxBackgroundRadius:0.025]]
[2020.09.22-19.49.05:536][  0]LogConfig: Applying CVar settings from Section [TextureQuality@3] File [../../../BullCowGame/Saved/Config/WindowsNoEditor/Scalability.ini]
[2020.09.22-19.49.05:536][  0]LogConfig: Setting CVar [[r.Streaming.MipBias:0]]
[2020.09.22-19.49.05:536][  0]LogConfig: Setting CVar [[r.Streaming.AmortizeCPUToGPUCopy:0]]
[2020.09.22-19.49.05:536][  0]LogConfig: Setting CVar [[r.Streaming.MaxNumTexturesToStreamPerFrame:0]]
[2020.09.22-19.49.05:536][  0]LogConfig: Setting CVar [[r.Streaming.Boost:1]]
[2020.09.22-19.49.05:536][  0]LogConfig: Setting CVar [[r.MaxAnisotropy:8]]
[2020.09.22-19.49.05:536][  0]LogConfig: Setting CVar [[r.VT.MaxAnisotropy:8]]
[2020.09.22-19.49.05:536][  0]LogConfig: Setting CVar [[r.Streaming.LimitPoolSizeToVRAM:0]]
[2020.09.22-19.49.05:536][  0]LogConfig: Setting CVar [[r.Streaming.PoolSize:1000]]
[2020.09.22-19.49.05:536][  0]LogConfig: Setting CVar [[r.Streaming.MaxEffectiveScreenSize:0]]
[2020.09.22-19.49.05:536][  0]LogConfig: Applying CVar settings from Section [EffectsQuality@3] File [../../../BullCowGame/Saved/Config/WindowsNoEditor/Scalability.ini]
[2020.09.22-19.49.05:536][  0]LogConfig: Setting CVar [[r.TranslucencyLightingVolumeDim:64]]
[2020.09.22-19.49.05:536][  0]LogConfig: Setting CVar [[r.RefractionQuality:2]]
[2020.09.22-19.49.05:536][  0]LogConfig: Setting CVar [[r.SSR.Quality:3]]
[2020.09.22-19.49.05:536][  0]LogConfig: Setting CVar [[r.SSR.HalfResSceneColor:0]]
[2020.09.22-19.49.05:536][  0]LogConfig: Setting CVar [[r.SceneColorFormat:4]]
[2020.09.22-19.49.05:536][  0]LogConfig: Setting CVar [[r.DetailMode:2]]
[2020.09.22-19.49.05:536][  0]LogConfig: Setting CVar [[r.TranslucencyVolumeBlur:1]]
[2020.09.22-19.49.05:536][  0]LogConfig: Setting CVar [[r.MaterialQualityLevel:1 ; High quality]]
[2020.09.22-19.49.05:536][  0]LogConfig: Setting CVar [[r.SSS.Scale:1]]
[2020.09.22-19.49.05:536][  0]LogConfig: Setting CVar [[r.SSS.SampleSet:2]]
[2020.09.22-19.49.05:536][  0]LogConfig: Setting CVar [[r.SSS.Quality:1]]
[2020.09.22-19.49.05:536][  0]LogConfig: Setting CVar [[r.SSS.HalfRes:0]]
[2020.09.22-19.49.05:536][  0]LogConfig: Setting CVar [[r.SSGI.Quality:3]]
[2020.09.22-19.49.05:536][  0]LogConfig: Setting CVar [[r.EmitterSpawnRateScale:1.0]]
[2020.09.22-19.49.05:536][  0]LogConfig: Setting CVar [[r.ParticleLightQuality:2]]
[2020.09.22-19.49.05:536][  0]LogConfig: Setting CVar [[r.SkyAtmosphere.AerialPerspectiveLUT.FastApplyOnOpaque:1 ; Always have FastSkyLUT 1 in this case to avoid wrong sky]]
[2020.09.22-19.49.05:536][  0]LogConfig: Setting CVar [[r.SkyAtmosphere.AerialPerspectiveLUT.SampleCountPerSlice:1]]
[2020.09.22-19.49.05:536][  0]LogConfig: Setting CVar [[r.SkyAtmosphere.AerialPerspectiveLUT.DepthResolution:16.0]]
[2020.09.22-19.49.05:536][  0]LogConfig: Setting CVar [[r.SkyAtmosphere.FastSkyLUT:1]]
[2020.09.22-19.49.05:536][  0]LogConfig: Setting CVar [[r.SkyAtmosphere.FastSkyLUT.SampleCountMin:4.0]]
[2020.09.22-19.49.05:536][  0]LogConfig: Setting CVar [[r.SkyAtmosphere.FastSkyLUT.SampleCountMax:32.0]]
[2020.09.22-19.49.05:536][  0]LogConfig: Setting CVar [[r.SkyAtmosphere.SampleCountMin:4.0]]
[2020.09.22-19.49.05:536][  0]LogConfig: Setting CVar [[r.SkyAtmosphere.SampleCountMax:32.0]]
[2020.09.22-19.49.05:536][  0]LogConfig: Setting CVar [[r.SkyAtmosphere.TransmittanceLUT.UseSmallFormat:0]]
[2020.09.22-19.49.05:536][  0]LogConfig: Setting CVar [[r.SkyAtmosphere.TransmittanceLUT.SampleCount:10.0]]
[2020.09.22-19.49.05:536][  0]LogConfig: Setting CVar [[r.SkyAtmosphere.MultiScatteringLUT.SampleCount:15.0]]
[2020.09.22-19.49.05:536][  0]LogConfig: Setting CVar [[fx.Niagara.QualityLevel:3]]
[2020.09.22-19.49.05:536][  0]LogConfig: Applying CVar settings from Section [FoliageQuality@3] File [../../../BullCowGame/Saved/Config/WindowsNoEditor/Scalability.ini]
[2020.09.22-19.49.05:536][  0]LogConfig: Setting CVar [[foliage.DensityScale:1.0]]
[2020.09.22-19.49.05:536][  0]LogConfig: Setting CVar [[grass.DensityScale:1.0]]
[2020.09.22-19.49.05:536][  0]LogConfig: Applying CVar settings from Section [ShadingQuality@3] File [../../../BullCowGame/Saved/Config/WindowsNoEditor/Scalability.ini]
[2020.09.22-19.49.05:536][  0]LogConfig: Setting CVar [[r.HairStrands.SkyLighting.SampleCount:16]]
[2020.09.22-19.49.05:536][  0]LogConfig: Setting CVar [[r.HairStrands.SkyLighting.JitterIntegration:0]]
[2020.09.22-19.49.05:536][  0]LogConfig: Setting CVar [[r.HairStrands.SkyAO.SampleCount:16]]
[2020.09.22-19.49.05:536][  0]LogConfig: Setting CVar [[r.HairStrands.DeepShadow.SuperSampling:0]]
[2020.09.22-19.49.05:536][  0]LogConfig: Setting CVar [[r.HairStrands.VisibilityPPLL:0]]
[2020.09.22-19.49.05:536][  0]LogConfig: Setting CVar [[r.HairStrands.RasterizationScale:0.5]]
[2020.09.22-19.49.05:536][  0]LogConfig: Setting CVar [[r.HairStrands.VelocityRasterizationScale:1]]
[2020.09.22-19.49.05:536][  0]LogInit: Selected Device Profile: [WindowsNoEditor]
[2020.09.22-19.49.05:536][  0]LogInit: Applying CVar settings loaded from the selected device profile: [WindowsNoEditor]
[2020.09.22-19.49.05:537][  0]LogHAL: Display: Platform has ~ 16 GB [17017888768 / 17179869184 / 16], which maps to Larger [LargestMinGB=32, LargerMinGB=12, DefaultMinGB=8, SmallerMinGB=6, SmallestMinGB=0)
[2020.09.22-19.49.05:537][  0]LogInit: Going up to parent DeviceProfile [Windows]
[2020.09.22-19.49.05:537][  0]LogInit: Going up to parent DeviceProfile []
[2020.09.22-19.49.05:537][  0]LogConfig: Applying CVar settings from Section [ViewDistanceQuality@3] File [../../../BullCowGame/Saved/Config/WindowsNoEditor/Scalability.ini]
[2020.09.22-19.49.05:537][  0]LogConfig: Setting CVar [[r.SkeletalMeshLODBias:0]]
[2020.09.22-19.49.05:537][  0]LogConfig: Setting CVar [[r.ViewDistanceScale:1.0]]
[2020.09.22-19.49.05:537][  0]LogConfig: Applying CVar settings from Section [AntiAliasingQuality@3] File [../../../BullCowGame/Saved/Config/WindowsNoEditor/Scalability.ini]
[2020.09.22-19.49.05:537][  0]LogConfig: Setting CVar [[r.PostProcessAAQuality:4]]
[2020.09.22-19.49.05:537][  0]LogConfig: Applying CVar settings from Section [ShadowQuality@3] File [../../../BullCowGame/Saved/Config/WindowsNoEditor/Scalability.ini]
[2020.09.22-19.49.05:537][  0]LogConfig: Setting CVar [[r.LightFunctionQuality:1]]
[2020.09.22-19.49.05:537][  0]LogConfig: Setting CVar [[r.ShadowQuality:5]]
[2020.09.22-19.49.05:537][  0]LogConfig: Setting CVar [[r.Shadow.CSM.MaxCascades:10]]
[2020.09.22-19.49.05:537][  0]LogConfig: Setting CVar [[r.Shadow.MaxResolution:2048]]
[2020.09.22-19.49.05:537][  0]LogConfig: Setting CVar [[r.Shadow.MaxCSMResolution:2048]]
[2020.09.22-19.49.05:537][  0]LogConfig: Setting CVar [[r.Shadow.RadiusThreshold:0.01]]
[2020.09.22-19.49.05:537][  0]LogConfig: Setting CVar [[r.Shadow.DistanceScale:1.0]]
[2020.09.22-19.49.05:537][  0]LogConfig: Setting CVar [[r.Shadow.CSM.TransitionScale:1.0]]
[2020.09.22-19.49.05:537][  0]LogConfig: Setting CVar [[r.Shadow.PreShadowResolutionFactor:1.0]]
[2020.09.22-19.49.05:537][  0]LogConfig: Setting CVar [[r.DistanceFieldShadowing:1]]
[2020.09.22-19.49.05:537][  0]LogConfig: Setting CVar [[r.DistanceFieldAO:1]]
[2020.09.22-19.49.05:537][  0]LogConfig: Setting CVar [[r.AOQuality:2]]
[2020.09.22-19.49.05:537][  0]LogConfig: Setting CVar [[r.VolumetricFog:1]]
[2020.09.22-19.49.05:537][  0]LogConfig: Setting CVar [[r.VolumetricFog.GridPixelSize:8]]
[2020.09.22-19.49.05:537][  0]LogConfig: Setting CVar [[r.VolumetricFog.GridSizeZ:128]]
[2020.09.22-19.49.05:537][  0]LogConfig: Setting CVar [[r.VolumetricFog.HistoryMissSupersampleCount:4]]
[2020.09.22-19.49.05:537][  0]LogConfig: Setting CVar [[r.LightMaxDrawDistanceScale:1]]
[2020.09.22-19.49.05:537][  0]LogConfig: Setting CVar [[r.CapsuleShadows:1]]
[2020.09.22-19.49.05:537][  0]LogConfig: Applying CVar settings from Section [PostProcessQuality@3] File [../../../BullCowGame/Saved/Config/WindowsNoEditor/Scalability.ini]
[2020.09.22-19.49.05:537][  0]LogConfig: Setting CVar [[r.MotionBlurQuality:4]]
[2020.09.22-19.49.05:537][  0]LogConfig: Setting CVar [[r.AmbientOcclusionMipLevelFactor:0.4]]
[2020.09.22-19.49.05:537][  0]LogConfig: Setting CVar [[r.AmbientOcclusionMaxQuality:100]]
[2020.09.22-19.49.05:537][  0]LogConfig: Setting CVar [[r.AmbientOcclusionLevels:-1]]
[2020.09.22-19.49.05:537][  0]LogConfig: Setting CVar [[r.AmbientOcclusionRadiusScale:1.0]]
[2020.09.22-19.49.05:537][  0]LogConfig: Setting CVar [[r.DepthOfFieldQuality:2]]
[2020.09.22-19.49.05:537][  0]LogConfig: Setting CVar [[r.RenderTargetPoolMin:400]]
[2020.09.22-19.49.05:537][  0]LogConfig: Setting CVar [[r.LensFlareQuality:2]]
[2020.09.22-19.49.05:537][  0]LogConfig: Setting CVar [[r.SceneColorFringeQuality:1]]
[2020.09.22-19.49.05:537][  0]LogConfig: Setting CVar [[r.EyeAdaptationQuality:2]]
[2020.09.22-19.49.05:537][  0]LogConfig: Setting CVar [[r.BloomQuality:5]]
[2020.09.22-19.49.05:537][  0]LogConfig: Setting CVar [[r.FastBlurThreshold:100]]
[2020.09.22-19.49.05:537][  0]LogConfig: Setting CVar [[r.Upscale.Quality:3]]
[2020.09.22-19.49.05:537][  0]LogConfig: Setting CVar [[r.Tonemapper.GrainQuantization:1]]
[2020.09.22-19.49.05:537][  0]LogConfig: Setting CVar [[r.LightShaftQuality:1]]
[2020.09.22-19.49.05:537][  0]LogConfig: Setting CVar [[r.Filter.SizeScale:1]]
[2020.09.22-19.49.05:537][  0]LogConfig: Setting CVar [[r.Tonemapper.Quality:5]]
[2020.09.22-19.49.05:537][  0]LogConfig: Setting CVar [[r.DOF.Gather.AccumulatorQuality:1        ; higher gathering accumulator quality]]
[2020.09.22-19.49.05:537][  0]LogConfig: Setting CVar [[r.DOF.Gather.PostfilterMethod:1          ; Median3x3 postfilering method]]
[2020.09.22-19.49.05:537][  0]LogConfig: Setting CVar [[r.DOF.Gather.EnableBokehSettings:0       ; no bokeh simulation when gathering]]
[2020.09.22-19.49.05:537][  0]LogConfig: Setting CVar [[r.DOF.Gather.RingCount:4                 ; medium number of samples when gathering]]
[2020.09.22-19.49.05:537][  0]LogConfig: Setting CVar [[r.DOF.Scatter.ForegroundCompositing:1    ; additive foreground scattering]]
[2020.09.22-19.49.05:537][  0]LogConfig: Setting CVar [[r.DOF.Scatter.BackgroundCompositing:2    ; additive background scattering]]
[2020.09.22-19.49.05:537][  0]LogConfig: Setting CVar [[r.DOF.Scatter.EnableBokehSettings:1      ; bokeh simulation when scattering]]
[2020.09.22-19.49.05:537][  0]LogConfig: Setting CVar [[r.DOF.Scatter.MaxSpriteRatio:0.1         ; only a maximum of 10% of scattered bokeh]]
[2020.09.22-19.49.05:537][  0]LogConfig: Setting CVar [[r.DOF.Recombine.Quality:1                ; cheap slight out of focus]]
[2020.09.22-19.49.05:537][  0]LogConfig: Setting CVar [[r.DOF.Recombine.EnableBokehSettings:0    ; no bokeh simulation on slight out of focus]]
[2020.09.22-19.49.05:537][  0]LogConfig: Setting CVar [[r.DOF.TemporalAAQuality:1                ; more stable temporal accumulation]]
[2020.09.22-19.49.05:537][  0]LogConfig: Setting CVar [[r.DOF.Kernel.MaxForegroundRadius:0.025]]
[2020.09.22-19.49.05:537][  0]LogConfig: Setting CVar [[r.DOF.Kernel.MaxBackgroundRadius:0.025]]
[2020.09.22-19.49.05:537][  0]LogConfig: Applying CVar settings from Section [TextureQuality@3] File [../../../BullCowGame/Saved/Config/WindowsNoEditor/Scalability.ini]
[2020.09.22-19.49.05:537][  0]LogConfig: Setting CVar [[r.Streaming.MipBias:0]]
[2020.09.22-19.49.05:537][  0]LogConfig: Setting CVar [[r.Streaming.AmortizeCPUToGPUCopy:0]]
[2020.09.22-19.49.05:537][  0]LogConfig: Setting CVar [[r.Streaming.MaxNumTexturesToStreamPerFrame:0]]
[2020.09.22-19.49.05:537][  0]LogConfig: Setting CVar [[r.Streaming.Boost:1]]
[2020.09.22-19.49.05:537][  0]LogConfig: Setting CVar [[r.MaxAnisotropy:8]]
[2020.09.22-19.49.05:537][  0]LogConfig: Setting CVar [[r.VT.MaxAnisotropy:8]]
[2020.09.22-19.49.05:537][  0]LogConfig: Setting CVar [[r.Streaming.LimitPoolSizeToVRAM:0]]
[2020.09.22-19.49.05:537][  0]LogConfig: Setting CVar [[r.Streaming.PoolSize:1000]]
[2020.09.22-19.49.05:537][  0]LogConfig: Setting CVar [[r.Streaming.MaxEffectiveScreenSize:0]]
[2020.09.22-19.49.05:537][  0]LogConfig: Applying CVar settings from Section [EffectsQuality@3] File [../../../BullCowGame/Saved/Config/WindowsNoEditor/Scalability.ini]
[2020.09.22-19.49.05:537][  0]LogConfig: Setting CVar [[r.TranslucencyLightingVolumeDim:64]]
[2020.09.22-19.49.05:537][  0]LogConfig: Setting CVar [[r.RefractionQuality:2]]
[2020.09.22-19.49.05:537][  0]LogConfig: Setting CVar [[r.SSR.Quality:3]]
[2020.09.22-19.49.05:537][  0]LogConfig: Setting CVar [[r.SSR.HalfResSceneColor:0]]
[2020.09.22-19.49.05:537][  0]LogConfig: Setting CVar [[r.SceneColorFormat:4]]
[2020.09.22-19.49.05:537][  0]LogConfig: Setting CVar [[r.DetailMode:2]]
[2020.09.22-19.49.05:537][  0]LogConfig: Setting CVar [[r.TranslucencyVolumeBlur:1]]
[2020.09.22-19.49.05:537][  0]LogConfig: Setting CVar [[r.MaterialQualityLevel:1 ; High quality]]
[2020.09.22-19.49.05:537][  0]LogConfig: Setting CVar [[r.SSS.Scale:1]]
[2020.09.22-19.49.05:537][  0]LogConfig: Setting CVar [[r.SSS.SampleSet:2]]
[2020.09.22-19.49.05:537][  0]LogConfig: Setting CVar [[r.SSS.Quality:1]]
[2020.09.22-19.49.05:537][  0]LogConfig: Setting CVar [[r.SSS.HalfRes:0]]
[2020.09.22-19.49.05:537][  0]LogConfig: Setting CVar [[r.SSGI.Quality:3]]
[2020.09.22-19.49.05:537][  0]LogConfig: Setting CVar [[r.EmitterSpawnRateScale:1.0]]
[2020.09.22-19.49.05:537][  0]LogConfig: Setting CVar [[r.ParticleLightQuality:2]]
[2020.09.22-19.49.05:537][  0]LogConfig: Setting CVar [[r.SkyAtmosphere.AerialPerspectiveLUT.FastApplyOnOpaque:1 ; Always have FastSkyLUT 1 in this case to avoid wrong sky]]
[2020.09.22-19.49.05:537][  0]LogConfig: Setting CVar [[r.SkyAtmosphere.AerialPerspectiveLUT.SampleCountPerSlice:1]]
[2020.09.22-19.49.05:537][  0]LogConfig: Setting CVar [[r.SkyAtmosphere.AerialPerspectiveLUT.DepthResolution:16.0]]
[2020.09.22-19.49.05:537][  0]LogConfig: Setting CVar [[r.SkyAtmosphere.FastSkyLUT:1]]
[2020.09.22-19.49.05:538][  0]LogConfig: Setting CVar [[r.SkyAtmosphere.FastSkyLUT.SampleCountMin:4.0]]
[2020.09.22-19.49.05:538][  0]LogConfig: Setting CVar [[r.SkyAtmosphere.FastSkyLUT.SampleCountMax:32.0]]
[2020.09.22-19.49.05:538][  0]LogConfig: Setting CVar [[r.SkyAtmosphere.SampleCountMin:4.0]]
[2020.09.22-19.49.05:538][  0]LogConfig: Setting CVar [[r.SkyAtmosphere.SampleCountMax:32.0]]
[2020.09.22-19.49.05:538][  0]LogConfig: Setting CVar [[r.SkyAtmosphere.TransmittanceLUT.UseSmallFormat:0]]
[2020.09.22-19.49.05:538][  0]LogConfig: Setting CVar [[r.SkyAtmosphere.TransmittanceLUT.SampleCount:10.0]]
[2020.09.22-19.49.05:538][  0]LogConfig: Setting CVar [[r.SkyAtmosphere.MultiScatteringLUT.SampleCount:15.0]]
[2020.09.22-19.49.05:538][  0]LogConfig: Setting CVar [[fx.Niagara.QualityLevel:3]]
[2020.09.22-19.49.05:538][  0]LogConfig: Applying CVar settings from Section [FoliageQuality@3] File [../../../BullCowGame/Saved/Config/WindowsNoEditor/Scalability.ini]
[2020.09.22-19.49.05:538][  0]LogConfig: Setting CVar [[foliage.DensityScale:1.0]]
[2020.09.22-19.49.05:538][  0]LogConfig: Setting CVar [[grass.DensityScale:1.0]]
[2020.09.22-19.49.05:538][  0]LogConfig: Applying CVar settings from Section [ShadingQuality@3] File [../../../BullCowGame/Saved/Config/WindowsNoEditor/Scalability.ini]
[2020.09.22-19.49.05:538][  0]LogConfig: Setting CVar [[r.HairStrands.SkyLighting.SampleCount:16]]
[2020.09.22-19.49.05:538][  0]LogConfig: Setting CVar [[r.HairStrands.SkyLighting.JitterIntegration:0]]
[2020.09.22-19.49.05:538][  0]LogConfig: Setting CVar [[r.HairStrands.SkyAO.SampleCount:16]]
[2020.09.22-19.49.05:538][  0]LogConfig: Setting CVar [[r.HairStrands.DeepShadow.SuperSampling:0]]
[2020.09.22-19.49.05:538][  0]LogConfig: Setting CVar [[r.HairStrands.VisibilityPPLL:0]]
[2020.09.22-19.49.05:538][  0]LogConfig: Setting CVar [[r.HairStrands.RasterizationScale:0.5]]
[2020.09.22-19.49.05:538][  0]LogConfig: Setting CVar [[r.HairStrands.VelocityRasterizationScale:1]]
[2020.09.22-19.49.05:538][  0]LogConfig: Applying CVar settings from Section [Startup] File [../../../Engine/Config/ConsoleVariables.ini]
[2020.09.22-19.49.05:538][  0]LogConfig: Setting CVar [[net.UseAdaptiveNetUpdateFrequency:0]]
[2020.09.22-19.49.05:538][  0]LogConfig: Setting CVar [[p.chaos.AllowCreatePhysxBodies:1]]
[2020.09.22-19.49.05:538][  0]LogConfig: Setting CVar [[fx.SkipVectorVMBackendOptimizations:1]]
[2020.09.22-19.49.05:538][  0]LogConfig: Applying CVar settings from Section [ConsoleVariables] File [../../../BullCowGame/Saved/Config/WindowsNoEditor/Engine.ini]
[2020.09.22-19.49.05:538][  0]LogInit: Computer: MSI
[2020.09.22-19.49.05:538][  0]LogInit: User: ryant
[2020.09.22-19.49.05:538][  0]LogInit: CPU Page size=4096, Cores=6
[2020.09.22-19.49.05:538][  0]LogInit: High frequency timer resolution =10.000000 MHz
[2020.09.22-19.49.05:538][  0]LogMemory: Memory total: Physical=15.8GB (16GB approx)
[2020.09.22-19.49.05:538][  0]LogMemory: Platform Memory Stats for WindowsNoEditor
[2020.09.22-19.49.05:538][  0]LogMemory: Process Physical Memory: 65.50 MB used, 65.50 MB peak
[2020.09.22-19.49.05:538][  0]LogMemory: Process Virtual Memory: 72.83 MB used, 72.83 MB peak
[2020.09.22-19.49.05:538][  0]LogMemory: Physical Memory: 7661.52 MB used,  8568.01 MB free, 16229.52 MB total
[2020.09.22-19.49.05:538][  0]LogMemory: Virtual Memory: 4936.95 MB used,  134212792.00 MB free, 134217728.00 MB total
[2020.09.22-19.49.05:542][  0]LogWindows: WindowsPlatformFeatures enabled
[2020.09.22-19.49.05:673][  0]LogInit: Physics initialised using underlying interface: PhysX
[2020.09.22-19.49.05:675][  0]LogInit: Using OS detected language (en-US).
[2020.09.22-19.49.05:675][  0]LogInit: Using OS detected locale (en-US).
[2020.09.22-19.49.05:675][  0]LogTextLocalizationManager: No specific localization for 'en-US' exists, so the 'en' localization will be used.
[2020.09.22-19.49.05:719][  0]LogSlate: New Slate User Created.  User Index 0, Is Virtual User: 0
[2020.09.22-19.49.05:719][  0]LogSlate: Slate User Registered.  User Index 0, Is Virtual User: 0
[2020.09.22-19.49.05:730][  0]LogHMD: Failed to initialize OpenVR with code 110
[2020.09.22-19.49.05:730][  0]LogD3D11RHI: D3D11 min allowed feature level: 11_0
[2020.09.22-19.49.05:730][  0]LogD3D11RHI: D3D11 max allowed feature level: 11_0
[2020.09.22-19.49.05:730][  0]LogD3D11RHI: D3D11 adapters:
[2020.09.22-19.49.05:809][  0]LogD3D11RHI:    0. 'NVIDIA GeForce GTX 1660 Ti' (Feature Level 11_0)
[2020.09.22-19.49.05:809][  0]LogD3D11RHI:       5991/0/8114 MB DedicatedVideo/DedicatedSystem/SharedSystem, Outputs:1, VendorId:0x10de
[2020.09.22-19.49.05:846][  0]LogD3D11RHI:    1. 'Intel(R) UHD Graphics 630' (Feature Level 11_0)
[2020.09.22-19.49.05:846][  0]LogD3D11RHI:       128/0/8114 MB DedicatedVideo/DedicatedSystem/SharedSystem, Outputs:1, VendorId:0x8086
[2020.09.22-19.49.05:852][  0]LogD3D11RHI:    2. 'Microsoft Basic Render Driver' (Feature Level 11_0)
[2020.09.22-19.49.05:852][  0]LogD3D11RHI:       0/0/8114 MB DedicatedVideo/DedicatedSystem/SharedSystem, Outputs:0, VendorId:0x1414
[2020.09.22-19.49.05:852][  0]LogD3D11RHI: Chosen D3D11 Adapter: 0
[2020.09.22-19.49.05:859][  0]LogD3D11RHI: Creating new Direct3DDevice
[2020.09.22-19.49.05:859][  0]LogD3D11RHI:     GPU DeviceId: 0x2191 (for the marketing name, search the web for "GPU Device Id")
[2020.09.22-19.49.05:859][  0]LogWindows: EnumDisplayDevices:
[2020.09.22-19.49.05:859][  0]LogWindows:    0. 'Intel(R) UHD Graphics 630' (P:0 D:1)
[2020.09.22-19.49.05:859][  0]LogWindows:    1. 'Intel(R) UHD Graphics 630' (P:0 D:0)
[2020.09.22-19.49.05:859][  0]LogWindows:    2. 'Intel(R) UHD Graphics 630' (P:0 D:0)
[2020.09.22-19.49.05:859][  0]LogWindows:    3. 'NVIDIA GeForce GTX 1660 Ti' (P:1 D:1)
[2020.09.22-19.49.05:860][  0]LogWindows:    4. 'NVIDIA GeForce GTX 1660 Ti' (P:0 D:0)
[2020.09.22-19.49.05:860][  0]LogWindows:    5. 'NVIDIA GeForce GTX 1660 Ti' (P:0 D:0)
[2020.09.22-19.49.05:860][  0]LogWindows:    6. 'NVIDIA GeForce GTX 1660 Ti' (P:0 D:0)
[2020.09.22-19.49.05:860][  0]LogWindows: DebugString: PrimaryIsNotTheChoosenAdapter PrimaryIsNotTheChoosenAdapter PrimaryIsNotTheChoosenAdapter FoundDriverCount:4 
[2020.09.22-19.49.05:860][  0]LogD3D11RHI:     Adapter Name: NVIDIA GeForce GTX 1660 Ti
[2020.09.22-19.49.05:860][  0]LogD3D11RHI:   Driver Version: 456.38 (internal:27.21.14.5638, unified:456.38)
[2020.09.22-19.49.05:860][  0]LogD3D11RHI:      Driver Date: 9-14-2020
[2020.09.22-19.49.05:860][  0]LogRHI: Texture pool is 4193 MB (70% of 5991 MB)
[2020.09.22-19.49.05:902][  0]LogD3D11RHI: RHI has support for 64 bit atomics
[2020.09.22-19.49.05:902][  0]LogD3D11RHI: Async texture creation enabled
[2020.09.22-19.49.05:902][  0]LogD3D11RHI: Array index from any shader is supported
[2020.09.22-19.49.05:925][  0]LogD3D11RHI: GPU Timing Frequency: 1000.000000 (Debug: 2 1)
[2020.09.22-19.49.05:926][  0]LogShaderLibrary: Display: Using ../../../BullCowGame/Content/ShaderArchive-Global-PCD3D_SM5.ushaderbytecode for material shader code. Total 2058 unique shaders.
[2020.09.22-19.49.05:926][  0]LogShaderLibrary: Display: Cooked Context: Using Shared Shader Library Global
[2020.09.22-19.49.05:927][  0]LogTemp: Warning: Clearing the OS Cache
[2020.09.22-19.49.05:928][  0]LogPakFile: New pak file ../../../BullCowGame/Content/Paks/BullCowGame-WindowsNoEditor.pak added to pak precacher.
[2020.09.22-19.49.05:945][  0]LogSlate: Using FreeType 2.10.0
[2020.09.22-19.49.05:946][  0]LogSlate: SlateFontServices - WITH_FREETYPE: 1, WITH_HARFBUZZ: 1
[2020.09.22-19.49.05:978][  0]LogShaderLibrary: Display: Using ../../../BullCowGame/Content/ShaderArchive-BullCowGame-PCD3D_SM5.ushaderbytecode for material shader code. Total 1561 unique shaders.
[2020.09.22-19.49.05:978][  0]LogShaderLibrary: Display: Cooked Context: Using Shared Shader Library BullCowGame
[2020.09.22-19.49.05:978][  0]LogRHI: Display: Opened pipeline cache after state change and enqueued 0 of 0 tasks for precompile.
[2020.09.22-19.49.05:978][  0]LogRHI: Display: Failed to open default shader pipeline cache for BullCowGame using shader platform 0.
[2020.09.22-19.49.05:978][  0]LogInit: Using OS detected language (en-US).
[2020.09.22-19.49.05:978][  0]LogInit: Using OS detected locale (en-US).
[2020.09.22-19.49.05:978][  0]LogTextLocalizationManager: No localization for 'en-US' exists, so 'en' will be used for the language.
[2020.09.22-19.49.05:979][  0]LogTextLocalizationManager: No localization for 'en-US' exists, so 'en' will be used for the locale.
[2020.09.22-19.49.05:979][  0]LogSlate: FontCache flush requested. Reason: Culture for localization was changed
[2020.09.22-19.49.05:979][  0]LogSlate: FontCache flush requested. Reason: Culture for localization was changed
[2020.09.22-19.49.05:980][  0]LogTextLocalizationManager: Compacting localization data took   0.67ms
[2020.09.22-19.49.05:982][  0]LogAssetRegistry: FAssetRegistry took 0.0016 seconds to start up
[2020.09.22-19.49.06:044][  0]LogStreaming: Display: Flushing async loaders.
[2020.09.22-19.49.06:045][  0]LogPackageLocalizationCache: Processed 18 localized package path(s) for 1 prioritized culture(s) in 0.000077 seconds
[2020.09.22-19.49.06:048][  0]LogInit: Selected Device Profile: [WindowsNoEditor]
[2020.09.22-19.49.06:063][  0]LogNetVersion: BullCowGame 1.0.0, NetCL: 13144385, EngineNetVer: 14, GameNetVer: 0 (Checksum: 3293675825)
[2020.09.22-19.49.06:090][  0]LogAudioCaptureCore: Display: No Audio Capture implementations found. Audio input will be silent.
[2020.09.22-19.49.06:090][  0]LogAudioCaptureCore: Display: No Audio Capture implementations found. Audio input will be silent.
[2020.09.22-19.49.06:112][  0]LogAISub: UAISubsystem::UAISubsystem AISubsystem (00000134B18C4540), frame # 0
[2020.09.22-19.49.06:112][  0]LogAISub: UAISubsystem::UAISubsystem AIPerceptionSystem (00000134B0A0CB80), frame # 0
[2020.09.22-19.49.06:113][  0]LogAISub: UAISubsystem::UAISubsystem EnvQueryManager (00000134B1AD2800), frame # 0
[2020.09.22-19.49.06:130][  0]LogMoviePlayer: Initializing movie player
[2020.09.22-19.49.06:173][  0]LogAndroidPermission: UAndroidPermissionCallbackProxy::GetInstance
[2020.09.22-19.49.06:174][  0]LogOcInput: OculusInput pre-init called
[2020.09.22-19.49.06:177][  0]LogUObjectArray: 14222 objects as part of root set at end of initial load.
[2020.09.22-19.49.06:177][  0]LogUObjectArray: 2 objects are not in the root set, but can never be destroyed because they are in the DisregardForGC set.
[2020.09.22-19.49.06:177][  0]LogUObjectAllocator: 2872904 out of 0 bytes used by permanent object pool.
[2020.09.22-19.49.06:177][  0]LogUObjectArray: CloseDisregardForGC: 14222/14222 objects in disregard for GC pool
[2020.09.22-19.49.06:178][  0]LogEngine: Initializing Engine...
[2020.09.22-19.49.06:178][  0]LogHMD: Failed to initialize OpenVR with code 110
[2020.09.22-19.49.06:179][  0]LogStats: UGameplayTagsManager::InitializeManager -  0.000 s
[2020.09.22-19.49.06:232][  0]LogPakFile: Precache HighWater 16MB

[2020.09.22-19.49.06:232][  0]LogPakFile: Precache HighWater 32MB

[2020.09.22-19.49.06:232][  0]LogInit: Initializing FReadOnlyCVARCache
[2020.09.22-19.49.06:233][  0]LogAudioMixer: Display: Audio Mixer Platform Settings:
[2020.09.22-19.49.06:233][  0]LogAudioMixer: Display: 	Sample Rate:						  48000
[2020.09.22-19.49.06:233][  0]LogAudioMixer: Display: 	Callback Buffer Frame Size Requested: 1024
[2020.09.22-19.49.06:233][  0]LogAudioMixer: Display: 	Callback Buffer Frame Size To Use:	  1024
[2020.09.22-19.49.06:233][  0]LogAudioMixer: Display: 	Number of buffers to queue:			  2
[2020.09.22-19.49.06:233][  0]LogAudioMixer: Display: 	Max Channels (voices):				  32
[2020.09.22-19.49.06:233][  0]LogAudioMixer: Display: 	Number of Async Source Workers:		  0
[2020.09.22-19.49.06:233][  0]LogAudio: Display: AudioDevice MaxSources: 32
[2020.09.22-19.49.06:233][  0]LogAudio: Display: Using built-in audio occlusion.
[2020.09.22-19.49.06:233][  0]LogAudioMixer: Display: Initializing audio mixer.
[2020.09.22-19.49.06:298][  0]LogAudioDebug: Display: Lib vorbis DLL was dynamically loaded.
[2020.09.22-19.49.06:313][  0]LogAudioMixer: Display: 0: FrontLeft
[2020.09.22-19.49.06:313][  0]LogAudioMixer: Display: 1: FrontRight
[2020.09.22-19.49.06:349][  0]LogAudioMixer: Display: Using Audio Device Speakers (Realtek(R) Audio)
[2020.09.22-19.49.06:350][  0]LogAudioMixer: Display: Initializing Sound Submixes...
[2020.09.22-19.49.06:350][  0]LogAudioMixer: Display: Creating Master Submix 'MasterSubmixDefault'
[2020.09.22-19.49.06:351][  0]LogAudioMixer: Display: Creating Master Submix 'MasterReverbSubmixDefault'
[2020.09.22-19.49.06:351][  0]LogAudioMixer: Display: Creating Master Submix 'MasterEQSubmixDefault'
[2020.09.22-19.49.06:352][  0]LogInit: FAudioDevice initialized.
[2020.09.22-19.49.06:353][  0]LogNetVersion: Set ProjectVersion to 1.0.0.0. Version Checksum will be recalculated on next use.
[2020.09.22-19.49.06:353][  0]LogInit: Texture streaming: Enabled
[2020.09.22-19.49.06:359][  0]LogSlate: Updating window title bar state: overlay mode, drag disabled, window buttons hidden, title bar hidden
[2020.09.22-19.49.06:360][  0]LogInit: Display: Game Engine Initialized.
[2020.09.22-19.49.06:361][  0]LogInit: Display: Starting Game.
[2020.09.22-19.49.06:361][  0]LogNet: Browse: /Game/Levels/Level1?Name=Player
[2020.09.22-19.49.06:361][  0]LogLoad: LoadMap: /Game/Levels/Level1?Name=Player
[2020.09.22-19.49.06:361][  0]LogWorld: BeginTearingDown for /Temp/Untitled_0
[2020.09.22-19.49.06:362][  0]LogWorld: UWorld::CleanupWorld for Untitled, bSessionEnded=true, bCleanupResources=true
[2020.09.22-19.49.06:362][  0]LogSlate: InvalidateAllWidgets triggered.  All widgets were invalidated
[2020.09.22-19.49.06:368][  0]LogUObjectHash: Compacting FUObjectHashTables data took   0.76ms
[2020.09.22-19.49.06:431][  0]LogAIModule: Creating AISystem for world Level1
[2020.09.22-19.49.06:431][  0]LogAISub: UAISubsystem::UAISubsystem EnvQueryManager (00000134880D2800), frame # 0
[2020.09.22-19.49.06:431][  0]LogAISub: UAISubsystem::UAISubsystem AIPerceptionSystem (000001348862DD00), frame # 0
[2020.09.22-19.49.06:432][  0]LogLoad: Game class is 'GameModeBase'
[2020.09.22-19.49.06:436][  0]LogWorld: Bringing World /Game/Levels/Level1.Level1 up for play (max tick rate 0) at 2020.09.22-12.49.06
[2020.09.22-19.49.06:436][  0]LogWorld: Bringing up level for play took: 0.003671
[2020.09.22-19.49.06:439][  0]LogLoad: Took 0.078381 seconds to LoadMap(/Game/Levels/Level1)
[2020.09.22-19.49.06:467][  0]LogRHI: Display: ShaderPipelineCache: Paused Batching. 1
[2020.09.22-19.49.06:467][  0]LogRHI: Display: ShaderPipelineCache: Resumed Batching. 0
[2020.09.22-19.49.06:467][  0]LogRHI: Display: ShaderPipelineCache: Batching Resumed.
[2020.09.22-19.49.06:467][  0]LogLoad: (Engine Initialization) Total time: 1.20 seconds
[2020.09.22-19.49.06:468][  0]LogRenderer: Reallocating scene render targets to support 1920x1080 Format 10 NumSamples 1 (Frame:1).
[2020.09.22-19.49.06:495][  0]LogContentStreaming: Texture pool size now 1000 MB
[2020.09.22-19.49.06:496][  0]LogSlate: InvalidateAllWidgets triggered.  All widgets were invalidated
[2020.09.22-19.49.06:746][  0]LogRenderer: Reallocating scene render targets to support 128x128 Format 10 NumSamples 1 (Frame:1).
[2020.09.22-19.49.06:792][  0]LogRenderer: Reallocating scene render targets to support 1920x1080 Format 10 NumSamples 1 (Frame:2).
[2020.09.22-19.49.06:826][  0]LogSlate: Slate font cache was flushed
[2020.09.22-19.50.05:803][536]LogSlate: Request Window 'BullCowGame (64-bit Development PCD3D_SM5) ' being destroyed
[2020.09.22-19.50.05:815][536]LogSlate: Window 'BullCowGame (64-bit Development PCD3D_SM5) ' being destroyed
[2020.09.22-19.50.05:815][536]LogWindowsTextInputMethodSystem: Display: IME system now deactivated.
[2020.09.22-19.50.05:820][536]LogSlate: Updating window title bar state: overlay mode, drag disabled, window buttons hidden, title bar hidden
[2020.09.22-19.50.05:820][536]LogEngine: All Windows Closed
[2020.09.22-19.50.05:820][536]LogWindows: FPlatformMisc::RequestExit(0)
[2020.09.22-19.50.05:820][536]LogCore: Engine exit requested (reason: Win RequestExit)
[2020.09.22-19.50.05:820][537]LogCore: Engine exit requested (reason: EngineExit() was called; note: exit was already requested)
[2020.09.22-19.50.05:821][537]LogAudio: Display: Shutting down audio device while 2 references to it are still alive. For more information, compile with INSTRUMENT_AUDIODEVICE_HANDLES.
[2020.09.22-19.50.05:851][537]LogInit: Display: PreExit Game.
[2020.09.22-19.50.05:887][537]LogWorld: BeginTearingDown for /Game/Levels/Level1
[2020.09.22-19.50.05:887][537]LogWorld: UWorld::CleanupWorld for Level1, bSessionEnded=true, bCleanupResources=true
[2020.09.22-19.50.05:887][537]LogSlate: InvalidateAllWidgets triggered.  All widgets were invalidated
[2020.09.22-19.50.06:224][537]LogExit: Preparing to exit.
[2020.09.22-19.50.06:225][537]LogMoviePlayer: Shutting down movie player
[2020.09.22-19.50.06:227][537]LogSlate: Updating window title bar state: overlay mode, drag disabled, window buttons hidden, title bar hidden
[2020.09.22-19.50.06:228][537]LogDemo: Cleaned up 0 splitscreen connections with owner deletion
[2020.09.22-19.50.06:229][537]LogExit: Game engine shut down
[2020.09.22-19.50.06:232][537]LogAISub: UAISubsystem::~UAISubsystem AISubsystem (00000134B18C4540), frame # 9537
[2020.09.22-19.50.06:232][537]LogAISub: UAISubsystem::~UAISubsystem AIPerceptionSystem (00000134B0A0CB80), frame # 9537
[2020.09.22-19.50.06:232][537]LogAISub: UAISubsystem::~UAISubsystem EnvQueryManager (00000134B1AD2800), frame # 9537
[2020.09.22-19.50.06:233][537]LogAISub: UAISubsystem::~UAISubsystem EnvQueryManager (00000134880D2800), frame # 9537
[2020.09.22-19.50.06:233][537]LogAISub: UAISubsystem::~UAISubsystem AIPerceptionSystem (000001348862DD00), frame # 9537
[2020.09.22-19.50.06:244][537]LogExit: Object subsystem successfully closed.
[2020.09.22-19.50.06:258][537]LogModuleManager: Shutting down and abandoning module AutomationController (318)
[2020.09.22-19.50.06:258][537]LogModuleManager: Shutting down and abandoning module AutomationWorker (316)
[2020.09.22-19.50.06:258][537]LogModuleManager: Shutting down and abandoning module Voice (314)
[2020.09.22-19.50.06:258][537]LogModuleManager: Shutting down and abandoning module AIModule (312)
[2020.09.22-19.50.06:258][537]LogModuleManager: Shutting down and abandoning module GameplayDebugger (311)
[2020.09.22-19.50.06:258][537]LogModuleManager: Shutting down and abandoning module NavigationSystem (309)
[2020.09.22-19.50.06:258][537]LogModuleManager: Shutting down and abandoning module WebMMediaFactory (306)
[2020.09.22-19.50.06:258][537]LogModuleManager: Shutting down and abandoning module WebMMedia (304)
[2020.09.22-19.50.06:258][537]LogModuleManager: Shutting down and abandoning module OculusMR (302)
[2020.09.22-19.50.06:258][537]LogModuleManager: Shutting down and abandoning module WmfMediaFactory (300)
[2020.09.22-19.50.06:258][537]LogModuleManager: Shutting down and abandoning module OpenExrWrapper (298)
[2020.09.22-19.50.06:258][537]LogModuleManager: Shutting down and abandoning module ImgMediaFactory (296)
[2020.09.22-19.50.06:258][537]LogModuleManager: Shutting down and abandoning module AvfMediaFactory (294)
[2020.09.22-19.50.06:258][537]LogModuleManager: Shutting down and abandoning module CharacterAI (292)
[2020.09.22-19.50.06:258][537]LogModuleManager: Shutting down and abandoning module PlanarCut (290)
[2020.09.22-19.50.06:258][537]LogModuleManager: Shutting down and abandoning module SessionServices (288)
[2020.09.22-19.50.06:258][537]LogModuleManager: Shutting down and abandoning module LiveCoding (286)
[2020.09.22-19.50.06:258][537]LogModuleManager: Shutting down and abandoning module LevelSequence (284)
[2020.09.22-19.50.06:258][537]LogModuleManager: Shutting down and abandoning module MovieSceneTracks (282)
[2020.09.22-19.50.06:258][537]LogModuleManager: Shutting down and abandoning module MovieScene (280)
[2020.09.22-19.50.06:258][537]LogModuleManager: Shutting down and abandoning module StreamingPauseRendering (278)
[2020.09.22-19.50.06:258][537]LogModuleManager: Shutting down and abandoning module AudioMixerXAudio2 (276)
[2020.09.22-19.50.06:258][537]LogModuleManager: Shutting down and abandoning module AudioMixerCore (275)
[2020.09.22-19.50.06:258][537]LogModuleManager: Shutting down and abandoning module ImageWriteQueue (272)
[2020.09.22-19.50.06:259][537]LogModuleManager: Shutting down and abandoning module ProfilerService (270)
[2020.09.22-19.50.06:297][537]LogModuleManager: Shutting down and abandoning module TaskGraph (268)
[2020.09.22-19.50.06:297][537]LogModuleManager: Shutting down and abandoning module Synthesis (266)
[2020.09.22-19.50.06:297][537]LogModuleManager: Shutting down and abandoning module OculusInput (264)
[2020.09.22-19.50.06:297][537]LogModuleManager: Shutting down and abandoning module MobilePatchingUtils (262)
[2020.09.22-19.50.06:297][537]LogModuleManager: Shutting down and abandoning module GooglePAD (260)
[2020.09.22-19.50.06:297][537]LogModuleManager: Shutting down and abandoning module CustomMeshComponent (258)
[2020.09.22-19.50.06:297][537]LogModuleManager: Shutting down and abandoning module CableComponent (256)
[2020.09.22-19.50.06:297][537]LogModuleManager: Shutting down and abandoning module AudioCapture (254)
[2020.09.22-19.50.06:297][537]LogModuleManager: Shutting down and abandoning module AudioCaptureRtAudio (253)
[2020.09.22-19.50.06:297][537]LogModuleManager: Shutting down and abandoning module AssetTags (250)
[2020.09.22-19.50.06:297][537]LogModuleManager: Shutting down and abandoning module ArchVisCharacter (248)
[2020.09.22-19.50.06:297][537]LogModuleManager: Shutting down and abandoning module AppleImageUtils (246)
[2020.09.22-19.50.06:297][537]LogModuleManager: Shutting down and abandoning module AndroidPermission (244)
[2020.09.22-19.50.06:297][537]LogModuleManager: Shutting down and abandoning module TemplateSequence (242)
[2020.09.22-19.50.06:297][537]LogModuleManager: Shutting down and abandoning module MediaCompositing (240)
[2020.09.22-19.50.06:297][537]LogModuleManager: Shutting down and abandoning module ImgMedia (238)
[2020.09.22-19.50.06:297][537]LogModuleManager: Shutting down and abandoning module MagicLeapLightEstimation (236)
[2020.09.22-19.50.06:297][537]LogModuleManager: Shutting down and abandoning module MagicLeapHelperVulkan (234)
[2020.09.22-19.50.06:297][537]LogModuleManager: Shutting down and abandoning module MagicLeapHelperOpenGL (232)
[2020.09.22-19.50.06:297][537]LogModuleManager: Shutting down and abandoning module MagicLeapAudio (230)
[2020.09.22-19.50.06:297][537]LogModuleManager: Shutting down and abandoning module MagicLeapSharedWorld (228)
[2020.09.22-19.50.06:297][537]LogModuleManager: Shutting down and abandoning module ChaosNiagara (226)
[2020.09.22-19.50.06:297][537]LogModuleManager: Shutting down and abandoning module ProceduralMeshComponent (224)
[2020.09.22-19.50.06:297][537]LogModuleManager: Shutting down and abandoning module GeometryCollectionTracks (222)
[2020.09.22-19.50.06:297][537]LogModuleManager: Shutting down and abandoning module EditableMesh (220)
[2020.09.22-19.50.06:297][537]LogModuleManager: Shutting down and abandoning module MeshSolverUtilities (218)
[2020.09.22-19.50.06:297][537]LogModuleManager: Shutting down and abandoning module MeshConversion (216)
[2020.09.22-19.50.06:297][537]LogModuleManager: Shutting down and abandoning module DynamicMesh (214)
[2020.09.22-19.50.06:297][537]LogModuleManager: Shutting down and abandoning module GeometryAlgorithms (212)
[2020.09.22-19.50.06:297][537]LogModuleManager: Shutting down and abandoning module GeometricObjects (210)
[2020.09.22-19.50.06:297][537]LogModuleManager: Shutting down and abandoning module ChaosCloth (208)
[2020.09.22-19.50.06:297][537]LogModuleManager: Shutting down and abandoning module BackChannel (206)
[2020.09.22-19.50.06:297][537]LogModuleManager: Shutting down and abandoning module AutomationUtils (204)
[2020.09.22-19.50.06:297][537]LogModuleManager: Shutting down and abandoning module GeometryCacheTracks (202)
[2020.09.22-19.50.06:297][537]LogModuleManager: Shutting down and abandoning module GeometryCache (200)
[2020.09.22-19.50.06:297][537]LogModuleManager: Shutting down and abandoning module UObjectPlugin (198)
[2020.09.22-19.50.06:297][537]LogModuleManager: Shutting down and abandoning module BullCowGame (196)
[2020.09.22-19.50.06:297][537]LogModuleManager: Shutting down and abandoning module SoundFields (194)
[2020.09.22-19.50.06:297][537]LogModuleManager: Shutting down and abandoning module RuntimePhysXCooking (192)
[2020.09.22-19.50.06:297][537]LogModuleManager: Shutting down and abandoning module LocationServicesBPLibrary (188)
[2020.09.22-19.50.06:297][537]LogModuleManager: Shutting down and abandoning module ActorSequence (186)
[2020.09.22-19.50.06:297][537]LogModuleManager: Shutting down and abandoning module UdpMessaging (184)
[2020.09.22-19.50.06:297][537]LogModuleManager: Shutting down and abandoning module TcpMessaging (182)
[2020.09.22-19.50.06:297][537]LogModuleManager: Shutting down and abandoning module MagicLeapHandMeshing (180)
[2020.09.22-19.50.06:297][537]LogModuleManager: Shutting down and abandoning module MagicLeapSecureStorage (178)
[2020.09.22-19.50.06:297][537]LogModuleManager: Shutting down and abandoning module MagicLeapPrivileges (176)
[2020.09.22-19.50.06:297][537]LogModuleManager: Shutting down and abandoning module MagicLeapPlanes (174)
[2020.09.22-19.50.06:297][537]LogModuleManager: Shutting down and abandoning module MagicLeapImageTracker (172)
[2020.09.22-19.50.06:297][537]LogModuleManager: Shutting down and abandoning module MagicLeapIdentity (170)
[2020.09.22-19.50.06:297][537]LogModuleManager: Shutting down and abandoning module MagicLeapHandTracking (168)
[2020.09.22-19.50.06:297][537]LogModuleManager: Shutting down and abandoning module MagicLeapEyeTracker (166)
[2020.09.22-19.50.06:297][537]LogModuleManager: Shutting down and abandoning module MagicLeapController (164)
[2020.09.22-19.50.06:297][537]LogSlate: Slate User Destroyed.  User Index 0, Is Virtual User: 0
[2020.09.22-19.50.06:297][537]LogModuleManager: Shutting down and abandoning module MagicLeapARPinImpl (162)
[2020.09.22-19.50.06:297][537]LogModuleManager: Shutting down and abandoning module MagicLeapAR (160)
[2020.09.22-19.50.06:297][537]LogModuleManager: Shutting down and abandoning module AugmentedReality (159)
[2020.09.22-19.50.06:297][537]LogModuleManager: Shutting down and abandoning module MagicLeapARPin (156)
[2020.09.22-19.50.06:297][537]LogModuleManager: Shutting down and abandoning module NiagaraAnimNotifies (154)
[2020.09.22-19.50.06:297][537]LogModuleManager: Shutting down and abandoning module Niagara (152)
[2020.09.22-19.50.06:297][537]LogModuleManager: Shutting down and abandoning module SignalProcessing (151)
[2020.09.22-19.50.06:297][537]LogModuleManager: Shutting down and abandoning module NiagaraCore (148)
[2020.09.22-19.50.06:297][537]LogModuleManager: Shutting down and abandoning module FacialAnimation (146)
[2020.09.22-19.50.06:297][537]LogModuleManager: Shutting down and abandoning module SignificanceManager (144)
[2020.09.22-19.50.06:297][537]LogModuleManager: Shutting down and abandoning module AnimationSharing (142)
[2020.09.22-19.50.06:297][537]LogModuleManager: Shutting down and abandoning module LightPropagationVolumeRuntime (140)
[2020.09.22-19.50.06:297][537]LogModuleManager: Shutting down and abandoning module Paper2D (138)
[2020.09.22-19.50.06:298][537]LogModuleManager: Shutting down and abandoning module WindowsMoviePlayer (136)
[2020.09.22-19.50.06:298][537]LogModuleManager: Shutting down and abandoning module WebMMoviePlayer (134)
[2020.09.22-19.50.06:298][537]LogModuleManager: Shutting down and abandoning module NetworkReplayStreaming (132)
[2020.09.22-19.50.06:298][537]LogModuleManager: Shutting down and abandoning module PacketHandler (130)
[2020.09.22-19.50.06:298][537]LogModuleManager: Shutting down and abandoning module ClothingSystemRuntimeNv (128)
[2020.09.22-19.50.06:298][537]LogModuleManager: Shutting down and abandoning module MediaAssets (126)
[2020.09.22-19.50.06:298][537]LogModuleManager: Shutting down and abandoning module Overlay (124)
[2020.09.22-19.50.06:298][537]LogModuleManager: Shutting down and abandoning module FunctionalTesting (122)
[2020.09.22-19.50.06:298][537]LogModuleManager: Shutting down and abandoning module MessageLog (120)
[2020.09.22-19.50.06:298][537]LogModuleManager: Shutting down and abandoning module UMG (118)
[2020.09.22-19.50.06:298][537]LogModuleManager: Shutting down and abandoning module SlateReflector (116)
[2020.09.22-19.50.06:298][537]LogModuleManager: Shutting down and abandoning module Slate (114)
[2020.09.22-19.50.06:298][537]LogModuleManager: Shutting down and abandoning module SlateCore (112)
[2020.09.22-19.50.06:298][537]LogModuleManager: Shutting down and abandoning module MRMesh (110)
[2020.09.22-19.50.06:298][537]LogModuleManager: Shutting down and abandoning module Messaging (108)
[2020.09.22-19.50.06:298][537]LogModuleManager: Shutting down and abandoning module HeadMountedDisplay (106)
[2020.09.22-19.50.06:298][537]LogModuleManager: Shutting down and abandoning module XAudio2 (104)
[2020.09.22-19.50.06:298][537]LogModuleManager: Shutting down and abandoning module Networking (102)
[2020.09.22-19.50.06:298][537]LogModuleManager: Shutting down and abandoning module Core (100)
[2020.09.22-19.50.06:298][537]LogModuleManager: Shutting down and abandoning module ImageWrapper (96)
[2020.09.22-19.50.06:298][537]LogModuleManager: Shutting down and abandoning module InputCore (94)
[2020.09.22-19.50.06:298][537]LogModuleManager: Shutting down and abandoning module Settings (92)
[2020.09.22-19.50.06:298][537]LogModuleManager: Shutting down and abandoning module PhysXCooking (90)
[2020.09.22-19.50.06:298][537]LogModuleManager: Shutting down and abandoning module ChaosSolvers (88)
[2020.09.22-19.50.06:298][537]LogModuleManager: Shutting down and abandoning module FieldSystemEngine (87)
[2020.09.22-19.50.06:298][537]LogModuleManager: Shutting down and abandoning module Chaos (84)
[2020.09.22-19.50.06:298][537]LogModuleManager: Shutting down and abandoning module WindowsPlatformFeatures (82)
[2020.09.22-19.50.06:298][537]LogModuleManager: Shutting down and abandoning module GameplayMediaEncoder (81)
[2020.09.22-19.50.06:298][537]LogModuleManager: Shutting down and abandoning module AVEncoder (80)
[2020.09.22-19.50.06:298][537]LogModuleManager: Shutting down and abandoning module SteamVRInputDevice (76)
[2020.09.22-19.50.06:298][537]LogModuleManager: Shutting down and abandoning module SteamVRInput (74)
[2020.09.22-19.50.06:298][537]LogModuleManager: Shutting down and abandoning module SteamVR (72)
[2020.09.22-19.50.06:298][537]LogHMD: Freeing OpenVRDLLHandle.
[2020.09.22-19.50.06:298][537]LogModuleManager: Shutting down and abandoning module OculusHMD (70)
[2020.09.22-19.50.06:298][537]LogModuleManager: Shutting down and abandoning module ExampleDeviceProfileSelector (68)
[2020.09.22-19.50.06:298][537]LogModuleManager: Shutting down and abandoning module LauncherChunkInstaller (66)
[2020.09.22-19.50.06:298][537]LogModuleManager: Shutting down and abandoning module OnlineSubsystem (62)
[2020.09.22-19.50.06:298][537]LogModuleManager: Shutting down and abandoning module HTTP (57)
[2020.09.22-19.50.06:299][537]LogModuleManager: Shutting down and abandoning module SSL (56)
[2020.09.22-19.50.06:299][537]LogModuleManager: Shutting down and abandoning module WmfMedia (52)
[2020.09.22-19.50.06:300][537]LogModuleManager: Shutting down and abandoning module Media (51)
[2020.09.22-19.50.06:301][537]LogModuleManager: Shutting down and abandoning module MagicLeap (48)
[2020.09.22-19.50.06:301][537]LogModuleManager: Shutting down and abandoning module NiagaraVertexFactories (46)
[2020.09.22-19.50.06:301][537]LogModuleManager: Shutting down and abandoning module NiagaraShader (44)
[2020.09.22-19.50.06:301][537]LogModuleManager: Shutting down and abandoning module VariantManagerContent (42)
[2020.09.22-19.50.06:301][537]LogModuleManager: Shutting down and abandoning module DatasmithContent (40)
[2020.09.22-19.50.06:301][537]LogModuleManager: Shutting down and abandoning module AISupportModule (38)
[2020.09.22-19.50.06:301][537]LogModuleManager: Shutting down and abandoning module PlatformCryptoOpenSSL (36)
[2020.09.22-19.50.06:301][537]LogModuleManager: Shutting down and abandoning module PlatformCryptoTypes (34)
[2020.09.22-19.50.06:301][537]LogModuleManager: Shutting down and abandoning module PlatformCrypto (32)
[2020.09.22-19.50.06:301][537]LogModuleManager: Shutting down and abandoning module RenderCore (30)
[2020.09.22-19.50.06:301][537]LogModuleManager: Shutting down and abandoning module Landscape (28)
[2020.09.22-19.50.06:301][537]LogModuleManager: Shutting down and abandoning module SlateRHIRenderer (26)
[2020.09.22-19.50.06:301][537]LogModuleManager: Shutting down and abandoning module OpenGLDrv (24)
[2020.09.22-19.50.06:301][537]LogModuleManager: Shutting down and abandoning module D3D11RHI (22)
[2020.09.22-19.50.06:301][537]LogModuleManager: Shutting down and abandoning module AnimGraphRuntime (20)
[2020.09.22-19.50.06:301][537]LogModuleManager: Shutting down and abandoning module Renderer (18)
[2020.09.22-19.50.06:301][537]LogModuleManager: Shutting down and abandoning module Engine (16)
[2020.09.22-19.50.06:301][537]LogModuleManager: Shutting down and abandoning module CoreUObject (14)
[2020.09.22-19.50.06:301][537]LogModuleManager: Shutting down and abandoning module NetworkFile (12)
[2020.09.22-19.50.06:301][537]LogModuleManager: Shutting down and abandoning module CookedIterativeFile (10)
[2020.09.22-19.50.06:301][537]LogModuleManager: Shutting down and abandoning module StreamingFile (8)
[2020.09.22-19.50.06:301][537]LogModuleManager: Shutting down and abandoning module SandboxFile (6)
[2020.09.22-19.50.06:301][537]LogModuleManager: Shutting down and abandoning module PakFile (4)
[2020.09.22-19.50.06:301][537]LogModuleManager: Shutting down and abandoning module RSA (3)
[2020.09.22-19.50.06:301][537]LogContentStreaming: Display: There are 1 unreleased StreamingManagers
[2020.09.22-19.50.06:302][537]LogD3D11RHI: Shutdown
[2020.09.22-19.50.06:302][537]LogD3D11RHI: CleanupD3DDevice
[2020.09.22-19.50.06:308][537]LogExit: Exiting.
[2020.09.22-19.50.06:312][537]Log file closed, 09/22/20 12:50:06
